<?xml version="1.0" encoding="UTF-8" ?>
<testsuite failures="0" time="0.016" errors="0" skipped="0" tests="5" name="org.xmdl.taslak.service.impl.ProfileManagerImplTest">
  <properties>
    <property name="java.runtime.name" value="Java(TM) SE Runtime Environment"/>
    <property name="sun.boot.library.path" value="C:\Program Files\Java\jdk1.6.0_02\jre\bin"/>
    <property name="java.vm.version" value="1.6.0_02-b06"/>
    <property name="java.vm.vendor" value="Sun Microsystems Inc."/>
    <property name="java.vendor.url" value="http://java.sun.com/"/>
    <property name="path.separator" value=";"/>
    <property name="java.vm.name" value="Java HotSpot(TM) Client VM"/>
    <property name="file.encoding.pkg" value="sun.io"/>
    <property name="user.country" value="US"/>
    <property name="sun.java.launcher" value="SUN_STANDARD"/>
    <property name="sun.os.patch.level" value="Service Pack 2"/>
    <property name="java.vm.specification.name" value="Java Virtual Machine Specification"/>
    <property name="user.dir" value="D:\wsx\xmdl\org.xmdl.wdl.taslak\src-gen\core"/>
    <property name="java.runtime.version" value="1.6.0_02-b06"/>
    <property name="java.awt.graphicsenv" value="sun.awt.Win32GraphicsEnvironment"/>
    <property name="basedir" value="D:\wsx\xmdl\org.xmdl.wdl.taslak\src-gen\core"/>
    <property name="java.endorsed.dirs" value="C:\Program Files\Java\jdk1.6.0_02\jre\lib\endorsed"/>
    <property name="os.arch" value="x86"/>
    <property name="java.io.tmpdir" value="C:\DOCUME~1\addiha5\LOCALS~1\Temp\"/>
    <property name="line.separator" value="
"/>
    <property name="java.vm.specification.vendor" value="Sun Microsystems Inc."/>
    <property name="user.variant" value=""/>
    <property name="os.name" value="Windows XP"/>
    <property name="classworlds.conf" value="D:\hd\maven\bin\\..\bin\m2.conf"/>
    <property name="sun.jnu.encoding" value="Cp1252"/>
    <property name="java.library.path" value="C:\Program Files\Java\jdk1.6.0_02\bin;.;C:\WINNT\Sun\Java\bin;C:\WINNT\system32;C:\WINNT;C:\Program Files\CatPC\Bin;C:\Program Files\CatPC\Windows\System32;C:\Program Files\Java\jdk1.6.0_02\bin;C:\WINNT\system32;C:\WINNT;C:\WINNT\System32\Wbem;C:\Program Files\QuickTime\QTSystem\;C:\Programme\apache-ant-1.7.0\bin;C:\WINNT\system32\WindowsPowerShell\v1.0;C:\Program Files\Windows Imaging\;C:\Program Files\Rational\ClearCase\bin;C:\Program Files\Rational\common;C:\Program Files\CatPC\Bin;C:\Program Files\CatPC\Windows\System32;C:\Program Files\Java\jdk1.6.0_02\bin;C:\WINNT\system32;C:\WINNT;C:\WINNT\System32\Wbem;C:\Program Files\QuickTime\QTSystem\;C:\Programme\apache-ant-1.7.0\bin;C:\WINNT\system32\WindowsPowerShell\v1.0;C:\Program Files\Windows Imaging\;C:\Program Files\Rational\ClearCase\bin;C:\Program Files\Rational\common;D:\hd\ActivePerl\bin;D:\hd\maven\bin;D:\hd\svn\bin;"/>
    <property name="surefire.test.class.path" value="D:\wsx\xmdl\org.xmdl.wdl.taslak\src-gen\core\target\classes;D:\wsx\xmdl\org.xmdl.wdl.taslak\src-gen\core\target\test-classes;C:\Documents and Settings\addiha5\.m2\repository\aspectj\aspectjweaver\1.5.3\aspectjweaver-1.5.3.jar;C:\Documents and Settings\addiha5\.m2\repository\org\acegisecurity\acegi-security\1.0.5\acegi-security-1.0.5.jar;C:\Documents and Settings\addiha5\.m2\repository\xmlbeans\xbean\2.2.0\xbean-2.2.0.jar;C:\Documents and Settings\addiha5\.m2\repository\commons-httpclient\commons-httpclient\3.0\commons-httpclient-3.0.jar;C:\Documents and Settings\addiha5\.m2\repository\oro\oro\2.0.8\oro-2.0.8.jar;C:\Documents and Settings\addiha5\.m2\repository\org\hibernate\hibernate-core\3.3.1.GA\hibernate-core-3.3.1.GA.jar;C:\Documents and Settings\addiha5\.m2\repository\stax\stax-api\1.0.1\stax-api-1.0.1.jar;C:\Documents and Settings\addiha5\.m2\repository\org\springframework\spring-mock\2.0.8\spring-mock-2.0.8.jar;C:\Documents and Settings\addiha5\.m2\repository\org\subethamail\subethasmtp-wiser\1.2\subethasmtp-wiser-1.2.jar;C:\Documents and Settings\addiha5\.m2\repository\javax\mail\mail\1.4\mail-1.4.jar;C:\Documents and Settings\addiha5\.m2\repository\javax\persistence\persistence-api\1.0\persistence-api-1.0.jar;C:\Documents and Settings\addiha5\.m2\repository\net\sf\ehcache\ehcache\1.3.0\ehcache-1.3.0.jar;C:\Documents and Settings\addiha5\.m2\repository\org\hibernate\hibernate-commons-annotations\3.3.0.ga\hibernate-commons-annotations-3.3.0.ga.jar;C:\Documents and Settings\addiha5\.m2\repository\wsdl4j\wsdl4j\1.6.1\wsdl4j-1.6.1.jar;C:\Documents and Settings\addiha5\.m2\repository\commons-beanutils\commons-beanutils\1.7.0\commons-beanutils-1.7.0.jar;C:\Documents and Settings\addiha5\.m2\repository\avalon-framework\avalon-framework\4.1.3\avalon-framework-4.1.3.jar;C:\Documents and Settings\addiha5\.m2\repository\org\codehaus\xfire\xfire-aegis\1.2.6\xfire-aegis-1.2.6.jar;C:\Documents and Settings\addiha5\.m2\repository\velocity\velocity-dep\1.4\velocity-dep-1.4.jar;C:\Documents and Settings\addiha5\.m2\repository\javax\activation\activation\1.1\activation-1.1.jar;C:\Documents and Settings\addiha5\.m2\repository\javassist\javassist\3.9.0.GA\javassist-3.9.0.GA.jar;C:\Documents and Settings\addiha5\.m2\repository\org\xmdl\ida\mesken-core\0.1.1\mesken-core-0.1.1.jar;C:\Documents and Settings\addiha5\.m2\repository\org\codehaus\xfire\xfire-java5\1.2.6\xfire-java5-1.2.6.jar;C:\Documents and Settings\addiha5\.m2\repository\org\aspectj\aspectjrt\1.6.2\aspectjrt-1.6.2.jar;C:\Documents and Settings\addiha5\.m2\repository\org\slf4j\slf4j-api\1.5.2\slf4j-api-1.5.2.jar;C:\Documents and Settings\addiha5\.m2\repository\org\codehaus\xfire\xfire-annotations\1.2.6\xfire-annotations-1.2.6.jar;C:\Documents and Settings\addiha5\.m2\repository\cglib\cglib\2.1_3\cglib-2.1_3.jar;C:\Documents and Settings\addiha5\.m2\repository\net\sf\jsr107cache\jsr107cache\1.0\jsr107cache-1.0.jar;C:\Documents and Settings\addiha5\.m2\repository\log4j\log4j\1.2.13\log4j-1.2.13.jar;C:\Documents and Settings\addiha5\.m2\repository\backport-util-concurrent\backport-util-concurrent\3.0\backport-util-concurrent-3.0.jar;C:\Documents and Settings\addiha5\.m2\repository\hsqldb\hsqldb\1.8.0.7\hsqldb-1.8.0.7.jar;C:\Documents and Settings\addiha5\.m2\repository\org\hibernate\hibernate-annotations\3.3.0.ga\hibernate-annotations-3.3.0.ga.jar;C:\Documents and Settings\addiha5\.m2\repository\org\aspectj\aspectjweaver\1.6.2\aspectjweaver-1.6.2.jar;C:\Documents and Settings\addiha5\.m2\repository\org\xmdl\ida\ida-corelib\0.1.1\ida-corelib-0.1.1.jar;C:\Documents and Settings\addiha5\.m2\repository\org\codehaus\xfire\xfire-core\1.2.6\xfire-core-1.2.6.jar;C:\Documents and Settings\addiha5\.m2\repository\antlr\antlr\2.7.6\antlr-2.7.6.jar;C:\Documents and Settings\addiha5\.m2\repository\commons-collections\commons-collections\3.2\commons-collections-3.2.jar;C:\Documents and Settings\addiha5\.m2\repository\jmock\jmock\1.1.0\jmock-1.1.0.jar;C:\Documents and Settings\addiha5\.m2\repository\org\slf4j\slf4j-log4j12\1.5.2\slf4j-log4j12-1.5.2.jar;C:\Documents and Settings\addiha5\.m2\repository\logkit\logkit\1.0.1\logkit-1.0.1.jar;C:\Documents and Settings\addiha5\.m2\repository\asm\asm\1.5.3\asm-1.5.3.jar;C:\Documents and Settings\addiha5\.m2\repository\org\codehaus\xfire\xfire-xmlbeans\1.2.6\xfire-xmlbeans-1.2.6.jar;C:\Documents and Settings\addiha5\.m2\repository\org\acegisecurity\acegi-security-tiger\1.0.5\acegi-security-tiger-1.0.5.jar;C:\Documents and Settings\addiha5\.m2\repository\junit\junit\4.4\junit-4.4.jar;C:\Documents and Settings\addiha5\.m2\repository\commons-logging\commons-logging\1.1\commons-logging-1.1.jar;C:\Documents and Settings\addiha5\.m2\repository\net\java\dev\stax-utils\stax-utils\20040917\stax-utils-20040917.jar;C:\Documents and Settings\addiha5\.m2\repository\velocity\velocity\1.4\velocity-1.4.jar;C:\Documents and Settings\addiha5\.m2\repository\org\subethamail\subethasmtp-smtp\1.2\subethasmtp-smtp-1.2.jar;C:\Documents and Settings\addiha5\.m2\repository\org\codehaus\woodstox\wstx-asl\3.2.0\wstx-asl-3.2.0.jar;C:\Documents and Settings\addiha5\.m2\repository\aspectj\aspectjrt\1.5.3\aspectjrt-1.5.3.jar;C:\Documents and Settings\addiha5\.m2\repository\javax\servlet\servlet-api\2.3\servlet-api-2.3.jar;C:\Documents and Settings\addiha5\.m2\repository\xfire\xfire-jsr181-api\1.0-M1\xfire-jsr181-api-1.0-M1.jar;C:\Documents and Settings\addiha5\.m2\repository\dom4j\dom4j\1.6.1\dom4j-1.6.1.jar;C:\Documents and Settings\addiha5\.m2\repository\org\springframework\spring-aspects\2.5.4\spring-aspects-2.5.4.jar;C:\Documents and Settings\addiha5\.m2\repository\asm\asm-attrs\1.5.3\asm-attrs-1.5.3.jar;C:\Documents and Settings\addiha5\.m2\repository\jdom\jdom\1.0\jdom-1.0.jar;C:\Documents and Settings\addiha5\.m2\repository\org\springframework\spring\2.5.4\spring-2.5.4.jar;C:\Documents and Settings\addiha5\.m2\repository\commons-codec\commons-codec\1.3\commons-codec-1.3.jar;C:\Documents and Settings\addiha5\.m2\repository\org\hibernate\hibernate\3.2.5.ga\hibernate-3.2.5.ga.jar;C:\Documents and Settings\addiha5\.m2\repository\org\codehaus\xfire\xfire-spring\1.2.6\xfire-spring-1.2.6.jar;C:\Documents and Settings\addiha5\.m2\repository\javax\transaction\jta\1.0.1B\jta-1.0.1B.jar;C:\Documents and Settings\addiha5\.m2\repository\org\apache\xbean\xbean-spring\2.8\xbean-spring-2.8.jar;C:\Documents and Settings\addiha5\.m2\repository\commons-lang\commons-lang\2.3\commons-lang-2.3.jar;"/>
    <property name="java.specification.name" value="Java Platform API Specification"/>
    <property name="java.class.version" value="50.0"/>
    <property name="sun.management.compiler" value="HotSpot Client Compiler"/>
    <property name="os.version" value="5.1"/>
    <property name="user.home" value="C:\Documents and Settings\addiha5"/>
    <property name="user.timezone" value="Europe/Berlin"/>
    <property name="java.awt.printerjob" value="sun.awt.windows.WPrinterJob"/>
    <property name="java.specification.version" value="1.6"/>
    <property name="file.encoding" value="Cp1252"/>
    <property name="user.name" value="addiha5"/>
    <property name="java.class.path" value="D:\hd\maven\bin\\..\boot\classworlds-1.1.jar"/>
    <property name="java.vm.specification.version" value="1.0"/>
    <property name="sun.arch.data.model" value="32"/>
    <property name="java.home" value="C:\Program Files\Java\jdk1.6.0_02\jre"/>
    <property name="java.specification.vendor" value="Sun Microsystems Inc."/>
    <property name="user.language" value="en"/>
    <property name="awt.toolkit" value="sun.awt.windows.WToolkit"/>
    <property name="java.vm.info" value="mixed mode, sharing"/>
    <property name="java.version" value="1.6.0_02"/>
    <property name="java.ext.dirs" value="C:\Program Files\Java\jdk1.6.0_02\jre\lib\ext;C:\WINNT\Sun\Java\lib\ext"/>
    <property name="sun.boot.class.path" value="C:\Program Files\Java\jdk1.6.0_02\jre\lib\resources.jar;C:\Program Files\Java\jdk1.6.0_02\jre\lib\rt.jar;C:\Program Files\Java\jdk1.6.0_02\jre\lib\sunrsasign.jar;C:\Program Files\Java\jdk1.6.0_02\jre\lib\jsse.jar;C:\Program Files\Java\jdk1.6.0_02\jre\lib\jce.jar;C:\Program Files\Java\jdk1.6.0_02\jre\lib\charsets.jar;C:\Program Files\Java\jdk1.6.0_02\jre\classes"/>
    <property name="java.vendor" value="Sun Microsystems Inc."/>
    <property name="maven.home" value="D:\hd\maven\bin\\.."/>
    <property name="localRepository" value="C:\Documents and Settings\addiha5\.m2\repository"/>
    <property name="file.separator" value="\"/>
    <property name="java.vendor.url.bug" value="http://java.sun.com/cgi-bin/bugreport.cgi"/>
    <property name="sun.cpu.endian" value="little"/>
    <property name="sun.io.unicode.encoding" value="UnicodeLittle"/>
    <property name="sun.desktop" value="windows"/>
    <property name="sun.cpu.isalist" value=""/>
  </properties>
  <testcase time="0.016" classname="org.xmdl.taslak.service.impl.ProfileManagerImplTest" name="testSearch"/>
  <testcase time="0" classname="org.xmdl.taslak.service.impl.ProfileManagerImplTest" name="testGet"/>
  <testcase time="0" classname="org.xmdl.taslak.service.impl.ProfileManagerImplTest" name="testGetAll"/>
  <testcase time="0" classname="org.xmdl.taslak.service.impl.ProfileManagerImplTest" name="testSave"/>
  <testcase time="0" classname="org.xmdl.taslak.service.impl.ProfileManagerImplTest" name="testRemove"/>
</testsuite>